Using pre-set license
Built from '2020.2/release' branch; Version is '2020.2.0f1 (3721df5a8b28) revision 3613151'; Using compiler version '192528614'; Build Type 'Release'
OS: 'Windows 10  (10.0.0) 64bit' Language: 'ru' Physical Memory: 12203 MB
BatchMode: 1, IsHumanControllingUs: 0, StartBugReporterOnCrash: 0, Is64bit: 1, IsPro: 0

 COMMAND LINE ARGUMENTS:
C:\Program Files\Unity\Hub\Editor\2020.2.0f1\Editor\Unity.exe
-adb2
-batchMode
-noUpm
-name
AssetImportWorker0
-projectPath
D:/git/MRB
-logFile
Logs/AssetImportWorker0.log
-srvPort
49325
Successfully changed project path to: D:/git/MRB
D:/git/MRB
Using Asset Import Pipeline V2.
Refreshing native plugins compatible for Editor in 36.50 ms, found 0 plugins.
Preloading 0 native plugins for Editor in 0.00 ms.
Initialize engine version: 2020.2.0f1 (3721df5a8b28)
[Subsystems] Discovering subsystems at path C:/Program Files/Unity/Hub/Editor/2020.2.0f1/Editor/Data/Resources/UnitySubsystems
[Subsystems] Discovering subsystems at path D:/git/MRB/Assets
GfxDevice: creating device client; threaded=0
Direct3D:
    Version:  Direct3D 11.0 [level 11.0]
    Renderer: NVIDIA GeForce GTX 860M (ID=0x119a)
    Vendor:   
    VRAM:     2007 MB
    Driver:   23.21.13.9135
Initialize mono
Mono path[0] = 'C:/Program Files/Unity/Hub/Editor/2020.2.0f1/Editor/Data/Managed'
Mono path[1] = 'C:/Program Files/Unity/Hub/Editor/2020.2.0f1/Editor/Data/MonoBleedingEdge/lib/mono/unityjit'
Mono config path = 'C:/Program Files/Unity/Hub/Editor/2020.2.0f1/Editor/Data/MonoBleedingEdge/etc'
Using monoOptions --debugger-agent=transport=dt_socket,embedding=1,server=y,suspend=n,address=127.0.0.1:56520
Begin MonoManager ReloadAssembly
Registering precompiled unity dll's ...
Register platform support module: C:/Program Files/Unity/Hub/Editor/2020.2.0f1/Editor/Data/PlaybackEngines/WindowsStandaloneSupport/UnityEditor.WindowsStandalone.Extensions.dll
Registered in 0.001733 seconds.
Native extension for WindowsStandalone target not found
Refreshing native plugins compatible for Editor in 33.18 ms, found 0 plugins.
Preloading 0 native plugins for Editor in 0.00 ms.
Invoked RoslynAnalysisRunner static constructor.
RoslynAnalysisRunner will not be running.
RoslynAnalysisRunner has terminated.
Mono: successfully reloaded assembly
- Completed reload, in  1.092 seconds
Platform modules already initialized, skipping
Registering precompiled user dll's ...
Registered in 0.002767 seconds.
Begin MonoManager ReloadAssembly
Native extension for WindowsStandalone target not found
Refreshing native plugins compatible for Editor in 0.47 ms, found 0 plugins.
Preloading 0 native plugins for Editor in 0.00 ms.
Invoked RoslynAnalysisRunner static constructor.
RoslynAnalysisRunner will not be running.
RoslynAnalysisRunner has terminated.
Mono: successfully reloaded assembly
- Completed reload, in  0.980 seconds
Platform modules already initialized, skipping
========================================================================
Worker process is ready to serve import requests
Launched and connected shader compiler UnityShaderCompiler.exe after 0.05 seconds
Refreshing native plugins compatible for Editor in 0.46 ms, found 0 plugins.
Preloading 0 native plugins for Editor in 0.00 ms.
Unloading 1583 Unused Serialized files (Serialized files now loaded: 0)
System memory in use before: 74.3 MB.
System memory in use after: 74.3 MB.

Unloading 23 unused Assets to reduce memory usage. Loaded Objects now: 2023.
Total: 2.512000 ms (FindLiveObjects: 0.186700 ms CreateObjectMapping: 0.087900 ms MarkObjects: 2.124500 ms  DeleteObjects: 0.111600 ms)

========================================================================
Received Import Request.
  path: Assets/Resources/Material/Red Beam.mat
  artifactKey: Guid(1bf98e326218a904da183a33010c830b) Importer(815301076,1909f56bfc062723c751e8b465ee728b)
Start importing Assets/Resources/Material/Red Beam.mat using Guid(1bf98e326218a904da183a33010c830b) Importer(815301076,1909f56bfc062723c751e8b465ee728b)  -> (artifact id: '1f4c2c19520788234c8e0ab2cd868cb4') in 0.120967 seconds
  Import took 0.124596 seconds .

========================================================================
Received Import Request.
  Time since last request: 0.000233 seconds.
  path: Assets/Resources/Material
  artifactKey: Guid(0083cd79acbe62544b0950a279787b54) Importer(815301076,1909f56bfc062723c751e8b465ee728b)
Start importing Assets/Resources/Material using Guid(0083cd79acbe62544b0950a279787b54) Importer(815301076,1909f56bfc062723c751e8b465ee728b)  -> (artifact id: 'ad2c5608f1cf573171721850635c1090') in 0.006262 seconds
  Import took 0.009647 seconds .

========================================================================
Received Import Request.
  Time since last request: 0.000241 seconds.
  path: Assets/Resources/My Robot Kyle.prefab
  artifactKey: Guid(8b59778e6240ccf4eba9a8d3529e2cc6) Importer(815301076,1909f56bfc062723c751e8b465ee728b)
Start importing Assets/Resources/My Robot Kyle.prefab using Guid(8b59778e6240ccf4eba9a8d3529e2cc6) Importer(815301076,1909f56bfc062723c751e8b465ee728b)  -> (artifact id: '2413b14f0fd25c4a01eeb48e006efc06') in 0.096217 seconds
  Import took 0.100373 seconds .

========================================================================
Received Import Request.
  Time since last request: 0.000240 seconds.
  path: Assets/Resources/Robot.prefab
  artifactKey: Guid(40ee0dd30ad05f44aab0311b7212037f) Importer(815301076,1909f56bfc062723c751e8b465ee728b)
Start importing Assets/Resources/Robot.prefab using Guid(40ee0dd30ad05f44aab0311b7212037f) Importer(815301076,1909f56bfc062723c751e8b465ee728b)  -> (artifact id: '71592d05d1161dda753a887705a1fb0e') in 0.028411 seconds
  Import took 0.032232 seconds .

========================================================================
Received Import Request.
  Time since last request: 0.000211 seconds.
  path: Assets/Resources
  artifactKey: Guid(0fa8f818a1879584ba9daf242fece161) Importer(815301076,1909f56bfc062723c751e8b465ee728b)
Start importing Assets/Resources using Guid(0fa8f818a1879584ba9daf242fece161) Importer(815301076,1909f56bfc062723c751e8b465ee728b)  -> (artifact id: 'd687d95a6e4ef718824a359fa7a3b147') in 0.006004 seconds
  Import took 0.009120 seconds .

========================================================================
Received Import Request.
  Time since last request: 0.000196 seconds.
  path: Assets/Resources/Scripts
  artifactKey: Guid(2dff8e8ef2ac5a848995f8caea3ab17e) Importer(815301076,1909f56bfc062723c751e8b465ee728b)
Start importing Assets/Resources/Scripts using Guid(2dff8e8ef2ac5a848995f8caea3ab17e) Importer(815301076,1909f56bfc062723c751e8b465ee728b)  -> (artifact id: 'c8d28520a3a0da7c32c56679b7f97c5c') in 0.006129 seconds
  Import took 0.009261 seconds .

========================================================================
Received Import Request.
  Time since last request: 1.249427 seconds.
  path: Assets/Resources/Prefabs
  artifactKey: Guid(3e288a18a7db321498e83b1fc901850c) Importer(815301076,1909f56bfc062723c751e8b465ee728b)
Start importing Assets/Resources/Prefabs using Guid(3e288a18a7db321498e83b1fc901850c) Importer(815301076,1909f56bfc062723c751e8b465ee728b)  -> (artifact id: '4c403ae7df42d1f5cf38571fde145964') in 0.008046 seconds
  Import took 0.012511 seconds .

========================================================================
Received Import Request.
  Time since last request: 0.081427 seconds.
  path: Assets/Resources/Prefabs/Canvas.prefab
  artifactKey: Guid(c4cb9f28c2073be4ab85425827f2e714) Importer(815301076,1909f56bfc062723c751e8b465ee728b)
Start importing Assets/Resources/Prefabs/Canvas.prefab using Guid(c4cb9f28c2073be4ab85425827f2e714) Importer(815301076,1909f56bfc062723c751e8b465ee728b)  -> (artifact id: '6aa6a404eb226bca86790258863195d8') in 0.070476 seconds
  Import took 0.076421 seconds .

========================================================================
Received Import Request.
  Time since last request: 0.000214 seconds.
  path: Assets/Resources/Prefabs/Leave Button.prefab
  artifactKey: Guid(a34345698fadb5b44af92be86cb40521) Importer(815301076,1909f56bfc062723c751e8b465ee728b)
Start importing Assets/Resources/Prefabs/Leave Button.prefab using Guid(a34345698fadb5b44af92be86cb40521) Importer(815301076,1909f56bfc062723c751e8b465ee728b)  -> (artifact id: 'c2203055d1face32dd20914138336f36') in 0.008581 seconds
  Import took 0.011805 seconds .

========================================================================
Received Import Request.
  Time since last request: 0.000211 seconds.
  path: Assets/Resources/Prefabs/Loader Anime.prefab
  artifactKey: Guid(71c6054290c37c044b65629c847f15bc) Importer(815301076,1909f56bfc062723c751e8b465ee728b)
Start importing Assets/Resources/Prefabs/Loader Anime.prefab using Guid(71c6054290c37c044b65629c847f15bc) Importer(815301076,1909f56bfc062723c751e8b465ee728b)  -> (artifact id: '02641b84b79333cd18bf5c6d6f198676') in 0.012230 seconds
  Import took 0.015689 seconds .

========================================================================
Received Import Request.
  Time since last request: 0.000217 seconds.
  path: Assets/Resources/Prefabs/Game Manager.prefab
  artifactKey: Guid(f348cacadc62f7842a3163f074003db2) Importer(815301076,1909f56bfc062723c751e8b465ee728b)
Start importing Assets/Resources/Prefabs/Game Manager.prefab using Guid(f348cacadc62f7842a3163f074003db2) Importer(815301076,1909f56bfc062723c751e8b465ee728b)  -> (artifact id: '969aab1117792a7b458dc58a735b5c5f') in 0.008006 seconds
  Import took 0.011915 seconds .

========================================================================
Received Import Request.
  Time since last request: 0.000198 seconds.
  path: Assets/Resources/Prefabs/GameCanvas.prefab
  artifactKey: Guid(d82e07cdc2c14e84e8561d4139131bcb) Importer(815301076,1909f56bfc062723c751e8b465ee728b)
Start importing Assets/Resources/Prefabs/GameCanvas.prefab using Guid(d82e07cdc2c14e84e8561d4139131bcb) Importer(815301076,1909f56bfc062723c751e8b465ee728b)  -> (artifact id: '7154f0ce553403755512563168aed4e9') in 0.016488 seconds
  Import took 0.020463 seconds .

========================================================================
Received Import Request.
  Time since last request: 0.000199 seconds.
  path: Assets/Resources/Prefabs/Player UI.prefab
  artifactKey: Guid(335d2f82cc2bb9f47934faa02c295a47) Importer(815301076,1909f56bfc062723c751e8b465ee728b)
Start importing Assets/Resources/Prefabs/Player UI.prefab using Guid(335d2f82cc2bb9f47934faa02c295a47) Importer(815301076,1909f56bfc062723c751e8b465ee728b)  -> (artifact id: '675d2968528cffc55d8e225d69a062ee') in 0.008297 seconds
  Import took 0.011895 seconds .

========================================================================
Received Import Request.
  Time since last request: 0.004685 seconds.
  path: Assets/Resources/Prefabs/Player UI.prefab
  artifactKey: Guid(335d2f82cc2bb9f47934faa02c295a47) Importer(815301076,1909f56bfc062723c751e8b465ee728b)
Start importing Assets/Resources/Prefabs/Player UI.prefab using Guid(335d2f82cc2bb9f47934faa02c295a47) Importer(815301076,1909f56bfc062723c751e8b465ee728b)  -> (artifact id: '675d2968528cffc55d8e225d69a062ee') in 0.004750 seconds
  Import took 0.008713 seconds .

========================================================================
Received Import Request.
  Time since last request: 1.490967 seconds.
  path: Assets/Resources/Scripts/5a28b99ed164d2.2319392015126183988577.png
  artifactKey: Guid(59095fb0934ffdc45ada493b7a8ff01b) Importer(815301076,1909f56bfc062723c751e8b465ee728b)
Start importing Assets/Resources/Scripts/5a28b99ed164d2.2319392015126183988577.png using Guid(59095fb0934ffdc45ada493b7a8ff01b) Importer(815301076,1909f56bfc062723c751e8b465ee728b)  -> (artifact id: 'a9fa00ee5baccfc565f3f65a69266008') in 0.058956 seconds
  Import took 0.062409 seconds .

========================================================================
Received Import Request.
  Time since last request: 9.082067 seconds.
  path: Assets/Resources/Scripts/5a28b99ed164d2.2319392015126183988577.png
  artifactKey: Guid(59095fb0934ffdc45ada493b7a8ff01b) Importer(815301076,1909f56bfc062723c751e8b465ee728b)
Start importing Assets/Resources/Scripts/5a28b99ed164d2.2319392015126183988577.png using Guid(59095fb0934ffdc45ada493b7a8ff01b) Importer(815301076,1909f56bfc062723c751e8b465ee728b)  -> (artifact id: '14d1728900d1f229985c91a021d15f64') in 0.032421 seconds
  Import took 0.035882 seconds .

========================================================================
Received Import Request.
  Time since last request: 21.786526 seconds.
  path: Assets/Resources/Ызкшеуы
  artifactKey: Guid(91b1137ccb10eb945a7d7d5480c54555) Importer(815301076,1909f56bfc062723c751e8b465ee728b)
Start importing Assets/Resources/Ызкшеуы using Guid(91b1137ccb10eb945a7d7d5480c54555) Importer(815301076,1909f56bfc062723c751e8b465ee728b)  -> (artifact id: '05bdbbcf65c8675b7a57aa26b4932261') in 0.006819 seconds
  Import took 0.011075 seconds .

========================================================================
Received Import Request.
  Time since last request: 7.881676 seconds.
  path: Assets/Resources/Sprites
  artifactKey: Guid(91b1137ccb10eb945a7d7d5480c54555) Importer(815301076,1909f56bfc062723c751e8b465ee728b)
Start importing Assets/Resources/Sprites using Guid(91b1137ccb10eb945a7d7d5480c54555) Importer(815301076,1909f56bfc062723c751e8b465ee728b)  -> (artifact id: '3f527337361a8dd847e5405d7f5a8797') in 0.007518 seconds
  Import took 0.011845 seconds .

========================================================================
Received Import Request.
  Time since last request: 18.218596 seconds.
  path: Assets/Resources/Anim
  artifactKey: Guid(2dff8e8ef2ac5a848995f8caea3ab17e) Importer(815301076,1909f56bfc062723c751e8b465ee728b)
Start importing Assets/Resources/Anim using Guid(2dff8e8ef2ac5a848995f8caea3ab17e) Importer(815301076,1909f56bfc062723c751e8b465ee728b)  -> (artifact id: 'cff21804ee0d12158ae3c874411b6aca') in 0.007356 seconds
  Import took 0.011846 seconds .

========================================================================
Received Import Request.
  Time since last request: 7.346823 seconds.
  path: Assets/Anim/Load.anim
  artifactKey: Guid(8f99b5e2ddb07c74d8b82fb1536c00ed) Importer(815301076,1909f56bfc062723c751e8b465ee728b)
Start importing Assets/Anim/Load.anim using Guid(8f99b5e2ddb07c74d8b82fb1536c00ed) Importer(815301076,1909f56bfc062723c751e8b465ee728b)  -> (artifact id: '5ecacd11cc699e2f15e1e8d76e7e906d') in 0.013474 seconds
  Import took 0.017271 seconds .

========================================================================
Received Import Request.
  Time since last request: 4.268604 seconds.
  path: Assets/Photon/PhotonUnityNetworking/Demos/Shared Assets/Skin/DropDown Arrow.png
  artifactKey: Guid(936345f7fc3934efa8119a8700d904c7) Importer(815301076,1909f56bfc062723c751e8b465ee728b)
Start importing Assets/Photon/PhotonUnityNetworking/Demos/Shared Assets/Skin/DropDown Arrow.png using Guid(936345f7fc3934efa8119a8700d904c7) Importer(815301076,1909f56bfc062723c751e8b465ee728b)  -> (artifact id: 'ce428c4812ca36d6b6640a2f51177e7f') in 0.021111 seconds
  Import took 0.025086 seconds .

========================================================================
Received Import Request.
  Time since last request: 0.000255 seconds.
  path: Assets/Photon/PhotonUnityNetworking/Demos/DemoHub/Sprites/toHub.png
  artifactKey: Guid(9587663c4d27e47b19a118aabaac4a08) Importer(815301076,1909f56bfc062723c751e8b465ee728b)
Start importing Assets/Photon/PhotonUnityNetworking/Demos/DemoHub/Sprites/toHub.png using Guid(9587663c4d27e47b19a118aabaac4a08) Importer(815301076,1909f56bfc062723c751e8b465ee728b)  -> (artifact id: 'd2d185531fbef8bfc0b8875fdeb0bc2c') in 0.022977 seconds
  Import took 0.026600 seconds .

========================================================================
Received Import Request.
  Time since last request: 0.000210 seconds.
  path: Assets/Photon/PhotonUnityNetworking/Icons/PunIconApp512.png
  artifactKey: Guid(7377013011b4c3348809ff574abe799e) Importer(815301076,1909f56bfc062723c751e8b465ee728b)
Start importing Assets/Photon/PhotonUnityNetworking/Icons/PunIconApp512.png using Guid(7377013011b4c3348809ff574abe799e) Importer(815301076,1909f56bfc062723c751e8b465ee728b)  -> (artifact id: 'fe0cbf94a92774eba18be1c2b6eb0eba') in 0.025529 seconds
  Import took 0.029476 seconds .

========================================================================
Received Import Request.
  Time since last request: 0.000222 seconds.
  path: Assets/Photon/PhotonUnityNetworking/Icons/PunIconApp128.png
  artifactKey: Guid(f00feafcf0675cd47a48f83ae42b06d4) Importer(815301076,1909f56bfc062723c751e8b465ee728b)
Start importing Assets/Photon/PhotonUnityNetworking/Icons/PunIconApp128.png using Guid(f00feafcf0675cd47a48f83ae42b06d4) Importer(815301076,1909f56bfc062723c751e8b465ee728b)  -> (artifact id: 'fe092e7369c9f36b6d910a1187c651d8') in 0.029176 seconds
  Import took 0.034353 seconds .

========================================================================
Received Import Request.
  Time since last request: 0.000209 seconds.
  path: Assets/Photon/PhotonUnityNetworking/Icons/PunIconApp32.png
  artifactKey: Guid(436c5e63723127948af8857e903f658a) Importer(815301076,1909f56bfc062723c751e8b465ee728b)
Start importing Assets/Photon/PhotonUnityNetworking/Icons/PunIconApp32.png using Guid(436c5e63723127948af8857e903f658a) Importer(815301076,1909f56bfc062723c751e8b465ee728b)  -> (artifact id: '881a122dc00fe74f1d251a093ae0d39a') in 0.021067 seconds
  Import took 0.024452 seconds .

========================================================================
Received Import Request.
  Time since last request: 0.000390 seconds.
  path: Assets/Photon/PhotonUnityNetworking/Icons/PunIconApp48.png
  artifactKey: Guid(44ebd8e6f42cae445ab4b22f0a9b48a0) Importer(815301076,1909f56bfc062723c751e8b465ee728b)
Start importing Assets/Photon/PhotonUnityNetworking/Icons/PunIconApp48.png using Guid(44ebd8e6f42cae445ab4b22f0a9b48a0) Importer(815301076,1909f56bfc062723c751e8b465ee728b)  -> (artifact id: '663888bd5dc36bbe61ae8c2f318437f5') in 0.023233 seconds
  Import took 0.026756 seconds .

========================================================================
Received Import Request.
  Time since last request: 0.000182 seconds.
  path: Assets/Photon/PhotonUnityNetworking/Demos/DemoHub/Sprites/PunIcon-White-129.png
  artifactKey: Guid(56bbc6b42271d4177ac313247f47ac1f) Importer(815301076,1909f56bfc062723c751e8b465ee728b)
Start importing Assets/Photon/PhotonUnityNetworking/Demos/DemoHub/Sprites/PunIcon-White-129.png using Guid(56bbc6b42271d4177ac313247f47ac1f) Importer(815301076,1909f56bfc062723c751e8b465ee728b)  -> (artifact id: '2a4b8082f8ea2a7773889d3461d63a0a') in 0.025686 seconds
  Import took 0.029043 seconds .

========================================================================
Received Import Request.
  Time since last request: 0.000192 seconds.
  path: Assets/Photon/PhotonUnityNetworking/Demos/DemoHub/Sprites/OutlinedSquaredBox.png
  artifactKey: Guid(c222cd02c447941edb09ecb6433229ce) Importer(815301076,1909f56bfc062723c751e8b465ee728b)
Start importing Assets/Photon/PhotonUnityNetworking/Demos/DemoHub/Sprites/OutlinedSquaredBox.png using Guid(c222cd02c447941edb09ecb6433229ce) Importer(815301076,1909f56bfc062723c751e8b465ee728b)  -> (artifact id: '14fc453379e8764ebd1552e8dca98bc9') in 0.017484 seconds
  Import took 0.020743 seconds .

========================================================================
Received Import Request.
  Time since last request: 0.000195 seconds.
  path: Assets/Photon/PhotonUnityNetworking/Demos/Shared Assets/Skin/DropDown CheckMark.png
  artifactKey: Guid(fd47c8b4ebfbd4339858d4d23f587519) Importer(815301076,1909f56bfc062723c751e8b465ee728b)
Start importing Assets/Photon/PhotonUnityNetworking/Demos/Shared Assets/Skin/DropDown CheckMark.png using Guid(fd47c8b4ebfbd4339858d4d23f587519) Importer(815301076,1909f56bfc062723c751e8b465ee728b)  -> (artifact id: 'b349c09cd955070dacac25b38c5e01cb') in 0.019616 seconds
  Import took 0.022863 seconds .

========================================================================
Received Import Request.
  Time since last request: 0.000183 seconds.
  path: Assets/Photon/PhotonUnityNetworking/Icons/PunIcon-128.png
  artifactKey: Guid(bd293dc32f4aaf94e8274f2fac2cdf89) Importer(815301076,1909f56bfc062723c751e8b465ee728b)
Start importing Assets/Photon/PhotonUnityNetworking/Icons/PunIcon-128.png using Guid(bd293dc32f4aaf94e8274f2fac2cdf89) Importer(815301076,1909f56bfc062723c751e8b465ee728b)  -> (artifact id: '08037a250d565a916f896d29b1100092') in 0.020605 seconds
  Import took 0.023629 seconds .

========================================================================
Received Import Request.
  Time since last request: 0.000184 seconds.
  path: Assets/Photon/PhotonUnityNetworking/Demos/DemoHub/Sprites/Gradient.png
  artifactKey: Guid(66efb24ed46044ab8a039599cbc47d7b) Importer(815301076,1909f56bfc062723c751e8b465ee728b)
Start importing Assets/Photon/PhotonUnityNetworking/Demos/DemoHub/Sprites/Gradient.png using Guid(66efb24ed46044ab8a039599cbc47d7b) Importer(815301076,1909f56bfc062723c751e8b465ee728b)  -> (artifact id: 'ec835e43f1208a6b98b814d54aae78e2') in 0.020805 seconds
  Import took 0.024858 seconds .

========================================================================
Received Import Request.
  Time since last request: 0.000216 seconds.
  path: Assets/Photon/PhotonUnityNetworking/Demos/Shared Assets/Skin/DropDown Arrow.png
  artifactKey: Guid(936345f7fc3934efa8119a8700d904c7) Importer(815301076,1909f56bfc062723c751e8b465ee728b)
Start importing Assets/Photon/PhotonUnityNetworking/Demos/Shared Assets/Skin/DropDown Arrow.png using Guid(936345f7fc3934efa8119a8700d904c7) Importer(815301076,1909f56bfc062723c751e8b465ee728b)  -> (artifact id: 'ce428c4812ca36d6b6640a2f51177e7f') in 0.010573 seconds
  Import took 0.014535 seconds .

========================================================================
Received Prepare
Registering precompiled user dll's ...
Registered in 0.002667 seconds.
Begin MonoManager ReloadAssembly
Native extension for WindowsStandalone target not found
Refreshing native plugins compatible for Editor in 0.59 ms, found 0 plugins.
Preloading 0 native plugins for Editor in 0.00 ms.
Invoked RoslynAnalysisRunner static constructor.
RoslynAnalysisRunner will not be running.
RoslynAnalysisRunner has terminated.
Mono: successfully reloaded assembly
- Completed reload, in  1.123 seconds
Platform modules already initialized, skipping
Refreshing native plugins compatible for Editor in 0.58 ms, found 0 plugins.
Preloading 0 native plugins for Editor in 0.00 ms.
Unloading 1571 Unused Serialized files (Serialized files now loaded: 0)
System memory in use before: 88.8 MB.
System memory in use after: 88.9 MB.

Unloading 18 unused Assets to reduce memory usage. Loaded Objects now: 2079.
Total: 3.278400 ms (FindLiveObjects: 0.342700 ms CreateObjectMapping: 0.205900 ms MarkObjects: 2.642600 ms  DeleteObjects: 0.085700 ms)

========================================================================
Received Prepare
Registering precompiled user dll's ...
Registered in 0.002683 seconds.
Begin MonoManager ReloadAssembly
Native extension for WindowsStandalone target not found
Refreshing native plugins compatible for Editor in 0.45 ms, found 0 plugins.
Preloading 0 native plugins for Editor in 0.00 ms.
Invoked RoslynAnalysisRunner static constructor.
RoslynAnalysisRunner will not be running.
RoslynAnalysisRunner has terminated.
Mono: successfully reloaded assembly
- Completed reload, in  1.159 seconds
Platform modules already initialized, skipping
Refreshing native plugins compatible for Editor in 0.47 ms, found 0 plugins.
Preloading 0 native plugins for Editor in 0.00 ms.
Unloading 1571 Unused Serialized files (Serialized files now loaded: 0)
System memory in use before: 89.1 MB.
System memory in use after: 89.1 MB.

Unloading 16 unused Assets to reduce memory usage. Loaded Objects now: 2081.
Total: 3.011900 ms (FindLiveObjects: 0.620500 ms CreateObjectMapping: 0.131000 ms MarkObjects: 2.174700 ms  DeleteObjects: 0.083700 ms)

========================================================================
Received Import Request.
  Time since last request: 77.753632 seconds.
  path: Assets/Scripts
  artifactKey: Guid(0edd1ecc01f6f5c4db46328121f0a772) Importer(815301076,1909f56bfc062723c751e8b465ee728b)
Start importing Assets/Scripts using Guid(0edd1ecc01f6f5c4db46328121f0a772) Importer(815301076,1909f56bfc062723c751e8b465ee728b)  -> (artifact id: 'd12dcbdb239e462061b9c6dce8804ef9') in 0.005713 seconds
  Import took 0.009879 seconds .

========================================================================
Received Import Request.
  Time since last request: 1.945536 seconds.
  path: Assets/Scripts/ThirdCamera.cs
  artifactKey: Guid(4aafc8def454a6a49b86ec0b4cb66433) Importer(815301076,1909f56bfc062723c751e8b465ee728b)
Start importing Assets/Scripts/ThirdCamera.cs using Guid(4aafc8def454a6a49b86ec0b4cb66433) Importer(815301076,1909f56bfc062723c751e8b465ee728b)  -> (artifact id: '0254feb564989a35c0a7853b251b3cac') in 0.010451 seconds
  Import took 0.014115 seconds .

========================================================================
Received Import Request.
  Time since last request: 0.000998 seconds.
  path: Assets/Scripts/ThirdCamera.cs
  artifactKey: Guid(4aafc8def454a6a49b86ec0b4cb66433) Importer(815301076,1909f56bfc062723c751e8b465ee728b)
Start importing Assets/Scripts/ThirdCamera.cs using Guid(4aafc8def454a6a49b86ec0b4cb66433) Importer(815301076,1909f56bfc062723c751e8b465ee728b)  -> (artifact id: '0254feb564989a35c0a7853b251b3cac') in 0.002448 seconds
  Import took 0.006250 seconds .

========================================================================
Received Import Request.
  Time since last request: 2.048682 seconds.
  path: Assets/Scripts/GameManager.cs
  artifactKey: Guid(63ce75c5c725b96438ce43ef6c915f91) Importer(815301076,1909f56bfc062723c751e8b465ee728b)
Start importing Assets/Scripts/GameManager.cs using Guid(63ce75c5c725b96438ce43ef6c915f91) Importer(815301076,1909f56bfc062723c751e8b465ee728b)  -> (artifact id: 'ae03fde6bcb5789e05cc7013a3ada1d3') in 0.007485 seconds
  Import took 0.011583 seconds .

========================================================================
Received Import Request.
  Time since last request: 0.952017 seconds.
  path: Assets/Scripts/CameraWork.cs
  artifactKey: Guid(265e25dd7a7ab57409df5e927ea98205) Importer(815301076,1909f56bfc062723c751e8b465ee728b)
Start importing Assets/Scripts/CameraWork.cs using Guid(265e25dd7a7ab57409df5e927ea98205) Importer(815301076,1909f56bfc062723c751e8b465ee728b)  -> (artifact id: 'bc422d75e86ff954ac2653ec5f6f191b') in 0.007422 seconds
  Import took 0.011930 seconds .

========================================================================
Received Import Request.
  Time since last request: 2.954881 seconds.
  path: Assets/Scripts/Player
  artifactKey: Guid(c0a850699de246549a8bd99a3e980a02) Importer(815301076,1909f56bfc062723c751e8b465ee728b)
Start importing Assets/Scripts/Player using Guid(c0a850699de246549a8bd99a3e980a02) Importer(815301076,1909f56bfc062723c751e8b465ee728b)  -> (artifact id: '4ad6f362a991a119e0562189bb908206') in 0.007825 seconds
  Import took 0.011905 seconds .

========================================================================
Received Import Request.
  Time since last request: 0.000684 seconds.
  path: Assets/Scripts/Player
  artifactKey: Guid(c0a850699de246549a8bd99a3e980a02) Importer(815301076,1909f56bfc062723c751e8b465ee728b)
Start importing Assets/Scripts/Player using Guid(c0a850699de246549a8bd99a3e980a02) Importer(815301076,1909f56bfc062723c751e8b465ee728b)  -> (artifact id: '4ad6f362a991a119e0562189bb908206') in 0.002102 seconds
  Import took 0.005706 seconds .

========================================================================
Received Import Request.
  Time since last request: 2.341305 seconds.
  path: Assets/Scripts/Player/UserName.cs
  artifactKey: Guid(a8bcf55e38997dd4f8c552fedcfd554d) Importer(815301076,1909f56bfc062723c751e8b465ee728b)
Start importing Assets/Scripts/Player/UserName.cs using Guid(a8bcf55e38997dd4f8c552fedcfd554d) Importer(815301076,1909f56bfc062723c751e8b465ee728b)  -> (artifact id: 'e803a3f906c519cbdafbf7cfbcd06bc6') in 0.006682 seconds
  Import took 0.010351 seconds .

========================================================================
Received Import Request.
  Time since last request: 20.289622 seconds.
  path: Assets/Scripts/Player/UserNameLancher.cs
  artifactKey: Guid(a8bcf55e38997dd4f8c552fedcfd554d) Importer(815301076,1909f56bfc062723c751e8b465ee728b)
Start importing Assets/Scripts/Player/UserNameLancher.cs using Guid(a8bcf55e38997dd4f8c552fedcfd554d) Importer(815301076,1909f56bfc062723c751e8b465ee728b)  -> (artifact id: '710f59f8cfd84681fbf8acb1b426982a') in 0.007855 seconds
  Import took 0.012241 seconds .

========================================================================
Received Prepare
Registering precompiled user dll's ...
Registered in 0.002638 seconds.
Begin MonoManager ReloadAssembly
Native extension for WindowsStandalone target not found
Refreshing native plugins compatible for Editor in 0.42 ms, found 0 plugins.
Preloading 0 native plugins for Editor in 0.00 ms.
Invoked RoslynAnalysisRunner static constructor.
RoslynAnalysisRunner will not be running.
RoslynAnalysisRunner has terminated.
Mono: successfully reloaded assembly
- Completed reload, in  0.944 seconds
Platform modules already initialized, skipping
Refreshing native plugins compatible for Editor in 0.51 ms, found 0 plugins.
Preloading 0 native plugins for Editor in 0.00 ms.
Unloading 1571 Unused Serialized files (Serialized files now loaded: 0)
System memory in use before: 89.3 MB.
System memory in use after: 89.4 MB.

Unloading 16 unused Assets to reduce memory usage. Loaded Objects now: 2083.
Total: 2.448700 ms (FindLiveObjects: 0.261200 ms CreateObjectMapping: 0.082000 ms MarkObjects: 2.015900 ms  DeleteObjects: 0.088400 ms)

========================================================================
Received Import Request.
  Time since last request: 11.016292 seconds.
  path: Assets/Scripts/Lancher
  artifactKey: Guid(c4b3252d71dad3f4da71f3311fb38d5d) Importer(815301076,1909f56bfc062723c751e8b465ee728b)
Start importing Assets/Scripts/Lancher using Guid(c4b3252d71dad3f4da71f3311fb38d5d) Importer(815301076,1909f56bfc062723c751e8b465ee728b)  -> (artifact id: 'f64d4f114cd5340b61a590d27c171cba') in 0.009112 seconds
  Import took 0.012703 seconds .

========================================================================
Received Import Request.
  Time since last request: 0.003550 seconds.
  path: Assets/Scripts/Lancher
  artifactKey: Guid(c4b3252d71dad3f4da71f3311fb38d5d) Importer(815301076,1909f56bfc062723c751e8b465ee728b)
Start importing Assets/Scripts/Lancher using Guid(c4b3252d71dad3f4da71f3311fb38d5d) Importer(815301076,1909f56bfc062723c751e8b465ee728b)  -> (artifact id: 'f64d4f114cd5340b61a590d27c171cba') in 0.002320 seconds
  Import took 0.005503 seconds .

========================================================================
Received Prepare
Registering precompiled user dll's ...
Registered in 0.002613 seconds.
Begin MonoManager ReloadAssembly
Native extension for WindowsStandalone target not found
Refreshing native plugins compatible for Editor in 0.44 ms, found 0 plugins.
Preloading 0 native plugins for Editor in 0.00 ms.
Invoked RoslynAnalysisRunner static constructor.
RoslynAnalysisRunner will not be running.
RoslynAnalysisRunner has terminated.
Mono: successfully reloaded assembly
- Completed reload, in  0.914 seconds
Platform modules already initialized, skipping
Refreshing native plugins compatible for Editor in 0.50 ms, found 0 plugins.
Preloading 0 native plugins for Editor in 0.00 ms.
Unloading 1571 Unused Serialized files (Serialized files now loaded: 0)
System memory in use before: 89.5 MB.
System memory in use after: 89.6 MB.

Unloading 16 unused Assets to reduce memory usage. Loaded Objects now: 2085.
Total: 2.446200 ms (FindLiveObjects: 0.233700 ms CreateObjectMapping: 0.151300 ms MarkObjects: 1.958700 ms  DeleteObjects: 0.101400 ms)

========================================================================
Received Prepare
Registering precompiled user dll's ...
Registered in 0.002745 seconds.
Begin MonoManager ReloadAssembly
Native extension for WindowsStandalone target not found
Refreshing native plugins compatible for Editor in 0.45 ms, found 0 plugins.
Preloading 0 native plugins for Editor in 0.00 ms.
Invoked RoslynAnalysisRunner static constructor.
RoslynAnalysisRunner will not be running.
RoslynAnalysisRunner has terminated.
Mono: successfully reloaded assembly
- Completed reload, in  1.347 seconds
Platform modules already initialized, skipping
Refreshing native plugins compatible for Editor in 0.56 ms, found 0 plugins.
Preloading 0 native plugins for Editor in 0.00 ms.
Unloading 1571 Unused Serialized files (Serialized files now loaded: 0)
System memory in use before: 89.6 MB.
System memory in use after: 89.6 MB.

Unloading 16 unused Assets to reduce memory usage. Loaded Objects now: 2087.
Total: 2.713200 ms (FindLiveObjects: 0.424000 ms CreateObjectMapping: 0.203200 ms MarkObjects: 1.993400 ms  DeleteObjects: 0.090700 ms)

========================================================================
Received Import Request.
  Time since last request: 106.797857 seconds.
  path: Assets/Scripts/Lancher/UserNameLancher.cs
  artifactKey: Guid(a8bcf55e38997dd4f8c552fedcfd554d) Importer(815301076,1909f56bfc062723c751e8b465ee728b)
Start importing Assets/Scripts/Lancher/UserNameLancher.cs using Guid(a8bcf55e38997dd4f8c552fedcfd554d) Importer(815301076,1909f56bfc062723c751e8b465ee728b)  -> (artifact id: '92fe9f79775a4b84d4e04e23314959dd') in 0.005162 seconds
  Import took 0.008551 seconds .

========================================================================
Received Prepare
Registering precompiled user dll's ...
Registered in 0.002664 seconds.
Begin MonoManager ReloadAssembly
Native extension for WindowsStandalone target not found
Refreshing native plugins compatible for Editor in 1.19 ms, found 0 plugins.
Preloading 0 native plugins for Editor in 0.00 ms.
Invoked RoslynAnalysisRunner static constructor.
RoslynAnalysisRunner will not be running.
RoslynAnalysisRunner has terminated.
Mono: successfully reloaded assembly
- Completed reload, in  1.145 seconds
Platform modules already initialized, skipping
Refreshing native plugins compatible for Editor in 0.48 ms, found 0 plugins.
Preloading 0 native plugins for Editor in 0.00 ms.
Unloading 1571 Unused Serialized files (Serialized files now loaded: 0)
System memory in use before: 89.9 MB.
System memory in use after: 90.0 MB.

Unloading 16 unused Assets to reduce memory usage. Loaded Objects now: 2089.
Total: 2.845000 ms (FindLiveObjects: 0.309000 ms CreateObjectMapping: 0.098700 ms MarkObjects: 2.349500 ms  DeleteObjects: 0.086200 ms)

========================================================================
Received Prepare
Registering precompiled user dll's ...
Registered in 0.003227 seconds.
Begin MonoManager ReloadAssembly
Native extension for WindowsStandalone target not found
Refreshing native plugins compatible for Editor in 0.97 ms, found 0 plugins.
Preloading 0 native plugins for Editor in 0.00 ms.
Invoked RoslynAnalysisRunner static constructor.
RoslynAnalysisRunner will not be running.
RoslynAnalysisRunner has terminated.
Mono: successfully reloaded assembly
- Completed reload, in  1.104 seconds
Platform modules already initialized, skipping
Refreshing native plugins compatible for Editor in 0.42 ms, found 0 plugins.
Preloading 0 native plugins for Editor in 0.00 ms.
Unloading 1571 Unused Serialized files (Serialized files now loaded: 0)
System memory in use before: 90.1 MB.
System memory in use after: 90.2 MB.

Unloading 16 unused Assets to reduce memory usage. Loaded Objects now: 2091.
Total: 2.389200 ms (FindLiveObjects: 0.268300 ms CreateObjectMapping: 0.174100 ms MarkObjects: 1.861200 ms  DeleteObjects: 0.084700 ms)

========================================================================
Received Prepare
Registering precompiled user dll's ...
Registered in 0.002811 seconds.
Begin MonoManager ReloadAssembly
Native extension for WindowsStandalone target not found
Refreshing native plugins compatible for Editor in 0.44 ms, found 0 plugins.
Preloading 0 native plugins for Editor in 0.00 ms.
Invoked RoslynAnalysisRunner static constructor.
RoslynAnalysisRunner will not be running.
RoslynAnalysisRunner has terminated.
Mono: successfully reloaded assembly
- Completed reload, in  1.282 seconds
Platform modules already initialized, skipping
Refreshing native plugins compatible for Editor in 0.51 ms, found 0 plugins.
Preloading 0 native plugins for Editor in 0.00 ms.
Unloading 1571 Unused Serialized files (Serialized files now loaded: 0)
System memory in use before: 90.3 MB.
System memory in use after: 90.4 MB.

Unloading 16 unused Assets to reduce memory usage. Loaded Objects now: 2093.
Total: 2.717700 ms (FindLiveObjects: 0.329600 ms CreateObjectMapping: 0.079900 ms MarkObjects: 2.216000 ms  DeleteObjects: 0.091000 ms)

AssetImportWorkerClient::OnTransportError - code=2 error=End of file
