Using pre-set license
Built from '2020.3/staging' branch; Version is '2020.3.8f1 (507919d4fff5) revision 5273881'; Using compiler version '192528614'; Build Type 'Release'
OS: 'Windows 10 Home; OS build 19042.985; Version 2009; 64bit' Language: 'ru' Physical Memory: 16332 MB
BatchMode: 1, IsHumanControllingUs: 0, StartBugReporterOnCrash: 0, Is64bit: 1, IsPro: 0

 COMMAND LINE ARGUMENTS:
D:\UnityInstall\2020.3.8f1\Editor\Unity.exe
-adb2
-batchMode
-noUpm
-name
AssetImportWorker0
-projectPath
D:/git/MRB
-logFile
Logs/AssetImportWorker0.log
-srvPort
3230
Successfully changed project path to: D:/git/MRB
D:/git/MRB
Using Asset Import Pipeline V2.
Refreshing native plugins compatible for Editor in 40.46 ms, found 0 plugins.
Preloading 0 native plugins for Editor in 0.00 ms.
Initialize engine version: 2020.3.8f1 (507919d4fff5)
[Subsystems] Discovering subsystems at path D:/UnityInstall/2020.3.8f1/Editor/Data/Resources/UnitySubsystems
[Subsystems] Discovering subsystems at path D:/git/MRB/Assets
GfxDevice: creating device client; threaded=0
Direct3D:
    Version:  Direct3D 11.0 [level 11.1]
    Renderer: Radeon (TM) RX 470 Graphics (ID=0x67df)
    Vendor:   
    VRAM:     4075 MB
    Driver:   27.20.15003.1004
Initialize mono
Mono path[0] = 'D:/UnityInstall/2020.3.8f1/Editor/Data/Managed'
Mono path[1] = 'D:/UnityInstall/2020.3.8f1/Editor/Data/MonoBleedingEdge/lib/mono/unityjit'
Mono config path = 'D:/UnityInstall/2020.3.8f1/Editor/Data/MonoBleedingEdge/etc'
Using monoOptions --debugger-agent=transport=dt_socket,embedding=1,server=y,suspend=n,address=127.0.0.1:56288
Begin MonoManager ReloadAssembly
Registering precompiled unity dll's ...
Register platform support module: D:/UnityInstall/2020.3.8f1/Editor/Data/PlaybackEngines/WindowsStandaloneSupport/UnityEditor.WindowsStandalone.Extensions.dll
Registered in 0.001195 seconds.
Native extension for WindowsStandalone target not found
Refreshing native plugins compatible for Editor in 37.10 ms, found 0 plugins.
Preloading 0 native plugins for Editor in 0.00 ms.
Mono: successfully reloaded assembly
- Completed reload, in  1.583 seconds
Platform modules already initialized, skipping
Registering precompiled user dll's ...
Registered in 0.003210 seconds.
Begin MonoManager ReloadAssembly
Native extension for WindowsStandalone target not found
Refreshing native plugins compatible for Editor in 0.42 ms, found 0 plugins.
Preloading 0 native plugins for Editor in 0.00 ms.
Mono: successfully reloaded assembly
- Completed reload, in  1.000 seconds
Platform modules already initialized, skipping
========================================================================
Worker process is ready to serve import requests
Launched and connected shader compiler UnityShaderCompiler.exe after 0.05 seconds
Refreshing native plugins compatible for Editor in 0.43 ms, found 0 plugins.
Preloading 0 native plugins for Editor in 0.00 ms.
Unloading 1775 Unused Serialized files (Serialized files now loaded: 0)
System memory in use before: 81.7 MB.
System memory in use after: 81.7 MB.

Unloading 23 unused Assets to reduce memory usage. Loaded Objects now: 2219.
Total: 2.125400 ms (FindLiveObjects: 0.191700 ms CreateObjectMapping: 0.045000 ms MarkObjects: 1.771200 ms  DeleteObjects: 0.116400 ms)

========================================================================
Received Import Request.
  path: Assets/Scripts
  artifactKey: Guid(0edd1ecc01f6f5c4db46328121f0a772) Importer(815301076,1909f56bfc062723c751e8b465ee728b)
Start importing Assets/Scripts using Guid(0edd1ecc01f6f5c4db46328121f0a772) Importer(815301076,1909f56bfc062723c751e8b465ee728b)  -> (artifact id: 'bab3b312f2159181b953d2e3a75843a0') in 0.009844 seconds
  Import took 0.012695 seconds .

========================================================================
Received Import Request.
  Time since last request: 1.055677 seconds.
  path: Assets/Scripts/Player
  artifactKey: Guid(c0a850699de246549a8bd99a3e980a02) Importer(815301076,1909f56bfc062723c751e8b465ee728b)
Start importing Assets/Scripts/Player using Guid(c0a850699de246549a8bd99a3e980a02) Importer(815301076,1909f56bfc062723c751e8b465ee728b)  -> (artifact id: '3e016a35ef17c71ac01edb3a78b1b54f') in 0.006642 seconds
  Import took 0.009562 seconds .

========================================================================
Received Import Request.
  Time since last request: 8.403436 seconds.
  path: Assets/Scripts/Player/PlayerAnimatorManager.cs
  artifactKey: Guid(6ca89b592b5dea941a92c53f57ad19a9) Importer(815301076,1909f56bfc062723c751e8b465ee728b)
Start importing Assets/Scripts/Player/PlayerAnimatorManager.cs using Guid(6ca89b592b5dea941a92c53f57ad19a9) Importer(815301076,1909f56bfc062723c751e8b465ee728b)  -> (artifact id: '7bd06a68f1778730703c610409819118') in 0.032827 seconds
  Import took 0.035873 seconds .

========================================================================
Received Import Request.
  Time since last request: 0.005547 seconds.
  path: Assets/Scripts/Player/PlayerAnimatorManager.cs
  artifactKey: Guid(6ca89b592b5dea941a92c53f57ad19a9) Importer(815301076,1909f56bfc062723c751e8b465ee728b)
Start importing Assets/Scripts/Player/PlayerAnimatorManager.cs using Guid(6ca89b592b5dea941a92c53f57ad19a9) Importer(815301076,1909f56bfc062723c751e8b465ee728b)  -> (artifact id: '7bd06a68f1778730703c610409819118') in 0.002069 seconds
  Import took 0.005058 seconds .

========================================================================
Received Import Request.
  Time since last request: 1.597828 seconds.
  path: Assets/Scripts/Player/PlayerManager.cs
  artifactKey: Guid(b78bda6bd2353a247b2c04a8ada38873) Importer(815301076,1909f56bfc062723c751e8b465ee728b)
Start importing Assets/Scripts/Player/PlayerManager.cs using Guid(b78bda6bd2353a247b2c04a8ada38873) Importer(815301076,1909f56bfc062723c751e8b465ee728b)  -> (artifact id: '2e6257c83df2d8c90bc5bbe2bbb0245e') in 0.007439 seconds
  Import took 0.010956 seconds .

========================================================================
Received Import Request.
  Time since last request: 0.001027 seconds.
  path: Assets/Scripts/Player/PlayerManager.cs
  artifactKey: Guid(b78bda6bd2353a247b2c04a8ada38873) Importer(815301076,1909f56bfc062723c751e8b465ee728b)
Start importing Assets/Scripts/Player/PlayerManager.cs using Guid(b78bda6bd2353a247b2c04a8ada38873) Importer(815301076,1909f56bfc062723c751e8b465ee728b)  -> (artifact id: '2e6257c83df2d8c90bc5bbe2bbb0245e') in 0.002064 seconds
  Import took 0.005030 seconds .

========================================================================
Received Import Request.
  Time since last request: 20.893730 seconds.
  path: Assets/Resources/Prefabs/GameCanvas.prefab
  artifactKey: Guid(d82e07cdc2c14e84e8561d4139131bcb) Importer(815301076,1909f56bfc062723c751e8b465ee728b)
Start importing Assets/Resources/Prefabs/GameCanvas.prefab using Guid(d82e07cdc2c14e84e8561d4139131bcb) Importer(815301076,1909f56bfc062723c751e8b465ee728b)  -> (artifact id: 'eb9d4673a7bd6ced3c90848f6d7a57ff') in 0.091816 seconds
  Import took 0.096592 seconds .

========================================================================
Received Import Request.
  Time since last request: 22.018325 seconds.
  path: Assets/Resources/Prefabs/GameCanvas.prefab
  artifactKey: Guid(d82e07cdc2c14e84e8561d4139131bcb) Importer(815301076,1909f56bfc062723c751e8b465ee728b)
Start importing Assets/Resources/Prefabs/GameCanvas.prefab using Guid(d82e07cdc2c14e84e8561d4139131bcb) Importer(815301076,1909f56bfc062723c751e8b465ee728b)  -> (artifact id: '70951f6a148424aadfcc6c3a38ac64dc') in 0.013473 seconds
  Import took 0.017947 seconds .

========================================================================
Received Import Request.
  Time since last request: 8.771551 seconds.
  path: Assets/Resources/Prefabs/GameCanvas.prefab
  artifactKey: Guid(d82e07cdc2c14e84e8561d4139131bcb) Importer(815301076,1909f56bfc062723c751e8b465ee728b)
Start importing Assets/Resources/Prefabs/GameCanvas.prefab using Guid(d82e07cdc2c14e84e8561d4139131bcb) Importer(815301076,1909f56bfc062723c751e8b465ee728b)  -> (artifact id: '22cfd12ffc86fd7ca5ae07bf70d3f19d') in 0.011948 seconds
  Import took 0.015765 seconds .

========================================================================
Received Prepare
Registering precompiled user dll's ...
Registered in 0.003164 seconds.
Begin MonoManager ReloadAssembly
Native extension for WindowsStandalone target not found
Refreshing native plugins compatible for Editor in 0.44 ms, found 0 plugins.
Preloading 0 native plugins for Editor in 0.00 ms.
Mono: successfully reloaded assembly
- Completed reload, in  0.987 seconds
Platform modules already initialized, skipping
Refreshing native plugins compatible for Editor in 0.43 ms, found 0 plugins.
Preloading 0 native plugins for Editor in 0.00 ms.
Unloading 1763 Unused Serialized files (Serialized files now loaded: 0)
System memory in use before: 81.6 MB.
System memory in use after: 81.7 MB.

Unloading 21 unused Assets to reduce memory usage. Loaded Objects now: 2223.
Total: 2.048300 ms (FindLiveObjects: 0.182700 ms CreateObjectMapping: 0.046900 ms MarkObjects: 1.745900 ms  DeleteObjects: 0.071900 ms)

========================================================================
Received Prepare
Registering precompiled user dll's ...
Registered in 0.003203 seconds.
Begin MonoManager ReloadAssembly
Native extension for WindowsStandalone target not found
Refreshing native plugins compatible for Editor in 0.47 ms, found 0 plugins.
Preloading 0 native plugins for Editor in 0.00 ms.
Mono: successfully reloaded assembly
- Completed reload, in  1.017 seconds
Platform modules already initialized, skipping
Refreshing native plugins compatible for Editor in 0.62 ms, found 0 plugins.
Preloading 0 native plugins for Editor in 0.00 ms.
Unloading 1763 Unused Serialized files (Serialized files now loaded: 0)
System memory in use before: 81.7 MB.
System memory in use after: 81.7 MB.

Unloading 18 unused Assets to reduce memory usage. Loaded Objects now: 2226.
Total: 2.260300 ms (FindLiveObjects: 0.213500 ms CreateObjectMapping: 0.045500 ms MarkObjects: 1.931500 ms  DeleteObjects: 0.068900 ms)

========================================================================
Received Prepare
Registering precompiled user dll's ...
Registered in 0.003200 seconds.
Begin MonoManager ReloadAssembly
Native extension for WindowsStandalone target not found
Refreshing native plugins compatible for Editor in 0.44 ms, found 0 plugins.
Preloading 0 native plugins for Editor in 0.00 ms.
Mono: successfully reloaded assembly
- Completed reload, in  1.008 seconds
Platform modules already initialized, skipping
Refreshing native plugins compatible for Editor in 0.50 ms, found 0 plugins.
Preloading 0 native plugins for Editor in 0.00 ms.
Unloading 1763 Unused Serialized files (Serialized files now loaded: 0)
System memory in use before: 81.7 MB.
System memory in use after: 81.8 MB.

Unloading 18 unused Assets to reduce memory usage. Loaded Objects now: 2229.
Total: 2.223700 ms (FindLiveObjects: 0.228400 ms CreateObjectMapping: 0.046100 ms MarkObjects: 1.867300 ms  DeleteObjects: 0.080200 ms)

========================================================================
Received Prepare
Registering precompiled user dll's ...
Registered in 0.003257 seconds.
Begin MonoManager ReloadAssembly
Native extension for WindowsStandalone target not found
Refreshing native plugins compatible for Editor in 0.49 ms, found 0 plugins.
Preloading 0 native plugins for Editor in 0.00 ms.
Mono: successfully reloaded assembly
- Completed reload, in  1.047 seconds
Platform modules already initialized, skipping
Refreshing native plugins compatible for Editor in 0.45 ms, found 0 plugins.
Preloading 0 native plugins for Editor in 0.00 ms.
Unloading 1763 Unused Serialized files (Serialized files now loaded: 0)
System memory in use before: 81.7 MB.
System memory in use after: 81.8 MB.

Unloading 18 unused Assets to reduce memory usage. Loaded Objects now: 2232.
Total: 2.311100 ms (FindLiveObjects: 0.218500 ms CreateObjectMapping: 0.046700 ms MarkObjects: 1.977300 ms  DeleteObjects: 0.066600 ms)

========================================================================
Received Prepare
Registering precompiled user dll's ...
Registered in 0.003256 seconds.
Begin MonoManager ReloadAssembly
Native extension for WindowsStandalone target not found
Refreshing native plugins compatible for Editor in 0.45 ms, found 0 plugins.
Preloading 0 native plugins for Editor in 0.00 ms.
Mono: successfully reloaded assembly
- Completed reload, in  0.987 seconds
Platform modules already initialized, skipping
Refreshing native plugins compatible for Editor in 0.44 ms, found 0 plugins.
Preloading 0 native plugins for Editor in 0.00 ms.
Unloading 1763 Unused Serialized files (Serialized files now loaded: 0)
System memory in use before: 81.7 MB.
System memory in use after: 81.8 MB.

Unloading 18 unused Assets to reduce memory usage. Loaded Objects now: 2235.
Total: 1.977200 ms (FindLiveObjects: 0.195900 ms CreateObjectMapping: 0.046900 ms MarkObjects: 1.672500 ms  DeleteObjects: 0.060800 ms)

========================================================================
Received Prepare
Registering precompiled user dll's ...
Registered in 0.003211 seconds.
Begin MonoManager ReloadAssembly
Native extension for WindowsStandalone target not found
Refreshing native plugins compatible for Editor in 0.60 ms, found 0 plugins.
Preloading 0 native plugins for Editor in 0.00 ms.
Mono: successfully reloaded assembly
- Completed reload, in  1.017 seconds
Platform modules already initialized, skipping
Refreshing native plugins compatible for Editor in 0.62 ms, found 0 plugins.
Preloading 0 native plugins for Editor in 0.00 ms.
Unloading 1763 Unused Serialized files (Serialized files now loaded: 0)
System memory in use before: 81.7 MB.
System memory in use after: 81.8 MB.

Unloading 18 unused Assets to reduce memory usage. Loaded Objects now: 2238.
Total: 2.273500 ms (FindLiveObjects: 0.207400 ms CreateObjectMapping: 0.046700 ms MarkObjects: 1.950700 ms  DeleteObjects: 0.067400 ms)

========================================================================
Received Prepare
Registering precompiled user dll's ...
Registered in 0.003308 seconds.
Begin MonoManager ReloadAssembly
Native extension for WindowsStandalone target not found
Refreshing native plugins compatible for Editor in 0.46 ms, found 0 plugins.
Preloading 0 native plugins for Editor in 0.00 ms.
Mono: successfully reloaded assembly
- Completed reload, in  0.983 seconds
Platform modules already initialized, skipping
Refreshing native plugins compatible for Editor in 0.62 ms, found 0 plugins.
Preloading 0 native plugins for Editor in 0.00 ms.
Unloading 1763 Unused Serialized files (Serialized files now loaded: 0)
System memory in use before: 81.7 MB.
System memory in use after: 81.8 MB.

Unloading 18 unused Assets to reduce memory usage. Loaded Objects now: 2241.
Total: 2.278500 ms (FindLiveObjects: 0.208500 ms CreateObjectMapping: 0.046700 ms MarkObjects: 1.957600 ms  DeleteObjects: 0.064400 ms)

========================================================================
Received Prepare
Registering precompiled user dll's ...
Registered in 0.003083 seconds.
Begin MonoManager ReloadAssembly
Native extension for WindowsStandalone target not found
Refreshing native plugins compatible for Editor in 0.54 ms, found 0 plugins.
Preloading 0 native plugins for Editor in 0.00 ms.
Mono: successfully reloaded assembly
- Completed reload, in  1.042 seconds
Platform modules already initialized, skipping
Refreshing native plugins compatible for Editor in 0.45 ms, found 0 plugins.
Preloading 0 native plugins for Editor in 0.00 ms.
Unloading 1763 Unused Serialized files (Serialized files now loaded: 0)
System memory in use before: 81.7 MB.
System memory in use after: 81.8 MB.

Unloading 18 unused Assets to reduce memory usage. Loaded Objects now: 2244.
Total: 2.327500 ms (FindLiveObjects: 0.244100 ms CreateObjectMapping: 0.049200 ms MarkObjects: 1.968700 ms  DeleteObjects: 0.063800 ms)

========================================================================
Received Prepare
Registering precompiled user dll's ...
Registered in 0.003291 seconds.
Begin MonoManager ReloadAssembly
Native extension for WindowsStandalone target not found
Refreshing native plugins compatible for Editor in 0.58 ms, found 0 plugins.
Preloading 0 native plugins for Editor in 0.00 ms.
Mono: successfully reloaded assembly
- Completed reload, in  0.991 seconds
Platform modules already initialized, skipping
Refreshing native plugins compatible for Editor in 0.43 ms, found 0 plugins.
Preloading 0 native plugins for Editor in 0.00 ms.
Unloading 1763 Unused Serialized files (Serialized files now loaded: 0)
System memory in use before: 81.8 MB.
System memory in use after: 81.8 MB.

Unloading 18 unused Assets to reduce memory usage. Loaded Objects now: 2247.
Total: 2.318300 ms (FindLiveObjects: 0.211600 ms CreateObjectMapping: 0.061200 ms MarkObjects: 1.984400 ms  DeleteObjects: 0.059800 ms)

========================================================================
Received Prepare
Registering precompiled user dll's ...
Registered in 0.003107 seconds.
Begin MonoManager ReloadAssembly
Native extension for WindowsStandalone target not found
Refreshing native plugins compatible for Editor in 0.55 ms, found 0 plugins.
Preloading 0 native plugins for Editor in 0.00 ms.
Mono: successfully reloaded assembly
- Completed reload, in  1.032 seconds
Platform modules already initialized, skipping
Refreshing native plugins compatible for Editor in 0.45 ms, found 0 plugins.
Preloading 0 native plugins for Editor in 0.00 ms.
Unloading 1763 Unused Serialized files (Serialized files now loaded: 0)
System memory in use before: 81.8 MB.
System memory in use after: 81.8 MB.

Unloading 18 unused Assets to reduce memory usage. Loaded Objects now: 2250.
Total: 2.376600 ms (FindLiveObjects: 0.226700 ms CreateObjectMapping: 0.047200 ms MarkObjects: 2.023600 ms  DeleteObjects: 0.077600 ms)

